{"level":"info","message":{"duration":"34ms","method":"GET","params":{},"path":"/health","query":{},"status":200},"timestamp":"2026-03-15T13:21:49.429Z"}
{"level":"info","message":{"duration":"4ms","method":"GET","path":"/favicon.ico","query":{},"status":404},"timestamp":"2026-03-15T13:21:49.509Z"}
{"level":"info","message":{"duration":"3ms","method":"GET","params":{},"path":"/health/detailed","query":{},"status":200},"timestamp":"2026-03-15T13:23:49.947Z"}
{"level":"info","message":"Retrieved 0 courses successfully","timestamp":"2026-03-15T13:37:03.883Z"}
{"level":"info","message":{"duration":"40ms","method":"GET","params":{},"path":"/api/courses","query":{},"status":200},"timestamp":"2026-03-15T13:37:03.887Z"}
{"level":"info","message":"Retrieved 0 courses successfully","timestamp":"2026-03-15T13:37:03.914Z"}
{"level":"info","message":{"duration":"6ms","method":"GET","params":{},"path":"/api/courses","query":{},"status":304},"timestamp":"2026-03-15T13:37:03.916Z"}
{"level":"info","message":"Retrieved 0 students successfully","timestamp":"2026-03-15T13:37:13.857Z"}
{"level":"info","message":{"duration":"11ms","method":"GET","params":{},"path":"/api/students","query":{},"status":200},"timestamp":"2026-03-15T13:37:13.859Z"}
{"activeCourses":0,"activeStudents":0,"courseCounts":[],"graduates":0,"level":"info","message":"Dashboard statistics retrieved successfully:","successRate":0,"timestamp":"2026-03-15T13:37:13.896Z","totalCourses":0,"totalStudents":0}
{"level":"info","message":{"duration":"47ms","method":"GET","params":{},"path":"/api/dashboard/stats","query":{},"status":200},"timestamp":"2026-03-15T13:37:13.899Z"}
{"level":"info","message":"Retrieved 0 courses successfully","timestamp":"2026-03-15T13:38:06.495Z"}
{"level":"info","message":{"duration":"8ms","method":"GET","params":{},"path":"/api/courses","query":{},"status":304},"timestamp":"2026-03-15T13:38:06.497Z"}
{"level":"info","message":"Retrieved 0 courses successfully","timestamp":"2026-03-15T13:38:06.508Z"}
{"level":"info","message":{"duration":"7ms","method":"GET","params":{},"path":"/api/courses","query":{},"status":304},"timestamp":"2026-03-15T13:38:06.510Z"}
{"level":"info","message":"Retrieved 0 courses successfully","timestamp":"2026-03-15T13:38:10.822Z"}
{"level":"info","message":{"duration":"7ms","method":"GET","params":{},"path":"/api/courses","query":{},"status":304},"timestamp":"2026-03-15T13:38:10.825Z"}
{"level":"info","message":"Retrieved 0 courses successfully","timestamp":"2026-03-15T13:38:10.866Z"}
{"level":"info","message":{"duration":"4ms","method":"GET","params":{},"path":"/api/courses","query":{},"status":304},"timestamp":"2026-03-15T13:38:10.867Z"}
{"level":"info","message":"Retrieved 0 courses successfully","timestamp":"2026-03-15T13:38:13.018Z"}
{"level":"info","message":{"duration":"9ms","method":"GET","params":{},"path":"/api/courses","query":{},"status":304},"timestamp":"2026-03-15T13:38:13.023Z"}
{"level":"info","message":"Retrieved 0 courses successfully","timestamp":"2026-03-15T13:38:13.033Z"}
{"level":"info","message":{"duration":"5ms","method":"GET","params":{},"path":"/api/courses","query":{},"status":304},"timestamp":"2026-03-15T13:38:13.035Z"}
{"level":"info","message":"Retrieved 0 courses successfully","timestamp":"2026-03-15T13:38:44.250Z"}
{"level":"info","message":{"duration":"4ms","method":"GET","params":{},"path":"/api/courses","query":{},"status":304},"timestamp":"2026-03-15T13:38:44.252Z"}
{"level":"info","message":"Retrieved 0 courses successfully","timestamp":"2026-03-15T13:38:44.260Z"}
{"level":"info","message":{"duration":"3ms","method":"GET","params":{},"path":"/api/courses","query":{},"status":304},"timestamp":"2026-03-15T13:38:44.261Z"}
{"level":"info","message":"Retrieved 0 courses successfully","timestamp":"2026-03-15T13:38:58.659Z"}
{"level":"info","message":{"duration":"4ms","method":"GET","params":{},"path":"/api/courses","query":{},"status":304},"timestamp":"2026-03-15T13:38:58.660Z"}
{"level":"info","message":"Retrieved 0 courses successfully","timestamp":"2026-03-15T13:38:58.666Z"}
{"level":"info","message":{"duration":"3ms","method":"GET","params":{},"path":"/api/courses","query":{},"status":304},"timestamp":"2026-03-15T13:38:58.667Z"}
{"level":"info","message":"Retrieved 0 courses successfully","timestamp":"2026-03-15T13:39:42.763Z"}
{"level":"info","message":{"duration":"4ms","method":"GET","params":{},"path":"/api/courses","query":{},"status":304},"timestamp":"2026-03-15T13:39:42.765Z"}
{"level":"info","message":"Retrieved 0 courses successfully","timestamp":"2026-03-15T13:39:42.773Z"}
{"level":"info","message":{"duration":"5ms","method":"GET","params":{},"path":"/api/courses","query":{},"status":304},"timestamp":"2026-03-15T13:39:42.775Z"}
{"level":"info","message":"Retrieved 0 courses successfully","timestamp":"2026-03-15T13:39:54.753Z"}
{"level":"info","message":{"duration":"4ms","method":"GET","params":{},"path":"/api/courses","query":{},"status":304},"timestamp":"2026-03-15T13:39:54.754Z"}
{"level":"info","message":"Retrieved 0 courses successfully","timestamp":"2026-03-15T13:39:54.763Z"}
{"level":"info","message":{"duration":"6ms","method":"GET","params":{},"path":"/api/courses","query":{},"status":304},"timestamp":"2026-03-15T13:39:54.766Z"}
{"level":"info","message":"Retrieved 0 students successfully","timestamp":"2026-03-15T13:41:21.838Z"}
{"level":"info","message":{"duration":"5ms","method":"GET","params":{},"path":"/api/students","query":{},"status":304},"timestamp":"2026-03-15T13:41:21.839Z"}
{"activeCourses":0,"activeStudents":0,"courseCounts":[],"graduates":0,"level":"info","message":"Dashboard statistics retrieved successfully:","successRate":0,"timestamp":"2026-03-15T13:41:21.864Z","totalCourses":0,"totalStudents":0}
{"level":"info","message":{"duration":"27ms","method":"GET","params":{},"path":"/api/dashboard/stats","query":{},"status":304},"timestamp":"2026-03-15T13:41:21.867Z"}
{"level":"info","message":"Retrieved 0 courses successfully","timestamp":"2026-03-15T13:41:24.579Z"}
{"level":"info","message":{"duration":"4ms","method":"GET","params":{},"path":"/api/courses","query":{},"status":304},"timestamp":"2026-03-15T13:41:24.581Z"}
{"level":"info","message":"Retrieved 0 students successfully","timestamp":"2026-03-15T13:41:30.105Z"}
{"level":"info","message":{"duration":"5ms","method":"GET","params":{},"path":"/api/students","query":{},"status":304},"timestamp":"2026-03-15T13:41:30.107Z"}
{"activeCourses":0,"activeStudents":0,"courseCounts":[],"graduates":0,"level":"info","message":"Dashboard statistics retrieved successfully:","successRate":0,"timestamp":"2026-03-15T13:41:30.122Z","totalCourses":0,"totalStudents":0}
{"level":"info","message":{"duration":"21ms","method":"GET","params":{},"path":"/api/dashboard/stats","query":{},"status":304},"timestamp":"2026-03-15T13:41:30.125Z"}
{"level":"info","message":"Retrieved 0 courses successfully","timestamp":"2026-03-15T13:41:31.971Z"}
{"level":"info","message":{"duration":"6ms","method":"GET","params":{},"path":"/api/courses","query":{},"status":304},"timestamp":"2026-03-15T13:41:31.973Z"}
{"courseId":"69b6b728b264a2cf463b67a5","level":"info","message":"New course created:","name":"Test@1","timestamp":"2026-03-15T13:42:00.054Z"}
{"level":"info","message":{"body":{"description":"diooiwe923-24fewijvnprnjvn","duration":3,"name":"Test@1","status":"active"},"duration":"58ms","method":"POST","params":{},"path":"/api/courses","query":{},"status":201},"timestamp":"2026-03-15T13:42:00.056Z"}
{"level":"info","message":"Retrieved 1 courses successfully","timestamp":"2026-03-15T13:42:00.067Z"}
{"level":"info","message":{"duration":"9ms","method":"GET","params":{},"path":"/api/courses","query":{},"status":200},"timestamp":"2026-03-15T13:42:00.069Z"}
{"activeCourses":1,"activeStudents":0,"courseCounts":[],"graduates":0,"level":"info","message":"Dashboard statistics retrieved successfully:","successRate":0,"timestamp":"2026-03-15T13:42:00.097Z","totalCourses":1,"totalStudents":0}
{"level":"info","message":{"duration":"25ms","method":"GET","params":{},"path":"/api/dashboard/stats","query":{},"status":200},"timestamp":"2026-03-15T13:42:00.100Z"}
{"level":"info","message":"Retrieved 0 students successfully","timestamp":"2026-03-15T13:42:02.315Z"}
{"level":"info","message":{"duration":"7ms","method":"GET","params":{},"path":"/api/students","query":{},"status":304},"timestamp":"2026-03-15T13:42:02.319Z"}
{"activeCourses":1,"activeStudents":0,"courseCounts":[],"graduates":0,"level":"info","message":"Dashboard statistics retrieved successfully:","successRate":0,"timestamp":"2026-03-15T13:42:02.334Z","totalCourses":1,"totalStudents":0}
{"level":"info","message":{"duration":"24ms","method":"GET","params":{},"path":"/api/dashboard/stats","query":{},"status":304},"timestamp":"2026-03-15T13:42:02.337Z"}
{"course":"69b6b728b264a2cf463b67a5","level":"info","message":"New student created:","name":"test@1","studentId":"69b6b73db264a2cf463b67b5","timestamp":"2026-03-15T13:42:21.491Z"}
{"level":"info","message":{"body":{"course":"69b6b728b264a2cf463b67a5","email":"kamblesushant458@gmail.com","enrollmentDate":"2026-03-16","name":"test@1","status":"active"},"duration":"9ms","method":"POST","params":{},"path":"/api/students","query":{},"status":201},"timestamp":"2026-03-15T13:42:21.492Z"}
{"level":"info","message":"Retrieved 1 students successfully","timestamp":"2026-03-15T13:42:21.500Z"}
{"level":"info","message":{"duration":"7ms","method":"GET","params":{},"path":"/api/students","query":{},"status":200},"timestamp":"2026-03-15T13:42:21.503Z"}
{"activeCourses":1,"activeStudents":1,"courseCounts":[{"_id":"69b6b728b264a2cf463b67a5","count":1}],"graduates":0,"level":"info","message":"Dashboard statistics retrieved successfully:","successRate":0,"timestamp":"2026-03-15T13:42:21.529Z","totalCourses":1,"totalStudents":1}
{"level":"info","message":{"duration":"21ms","method":"GET","params":{},"path":"/api/dashboard/stats","query":{},"status":200},"timestamp":"2026-03-15T13:42:21.531Z"}
{"level":"info","message":"Retrieved 1 courses successfully","timestamp":"2026-03-15T13:42:32.673Z"}
{"level":"info","message":{"duration":"4ms","method":"GET","params":{},"path":"/api/courses","query":{},"status":304},"timestamp":"2026-03-15T13:42:32.675Z"}
{"level":"info","message":"Retrieved 1 courses successfully","timestamp":"2026-03-15T13:42:40.057Z"}
{"level":"info","message":{"duration":"3ms","method":"GET","params":{},"path":"/api/courses","query":{},"status":304},"timestamp":"2026-03-15T13:42:40.058Z"}
{"level":"info","message":"Retrieved 1 students successfully","timestamp":"2026-03-15T13:42:41.156Z"}
{"level":"info","message":{"duration":"6ms","method":"GET","params":{},"path":"/api/students","query":{},"status":304},"timestamp":"2026-03-15T13:42:41.157Z"}
{"activeCourses":1,"activeStudents":1,"courseCounts":[{"_id":"69b6b728b264a2cf463b67a5","count":1}],"graduates":0,"level":"info","message":"Dashboard statistics retrieved successfully:","successRate":0,"timestamp":"2026-03-15T13:42:41.171Z","totalCourses":1,"totalStudents":1}
{"level":"info","message":{"duration":"20ms","method":"GET","params":{},"path":"/api/dashboard/stats","query":{},"status":304},"timestamp":"2026-03-15T13:42:41.173Z"}
{"level":"info","message":"Retrieved 1 students successfully","timestamp":"2026-03-15T13:42:42.034Z"}
{"level":"info","message":{"duration":"6ms","method":"GET","params":{},"path":"/api/students","query":{},"status":304},"timestamp":"2026-03-15T13:42:42.037Z"}
{"activeCourses":1,"activeStudents":1,"courseCounts":[{"_id":"69b6b728b264a2cf463b67a5","count":1}],"graduates":0,"level":"info","message":"Dashboard statistics retrieved successfully:","successRate":0,"timestamp":"2026-03-15T13:42:42.051Z","totalCourses":1,"totalStudents":1}
{"level":"info","message":{"duration":"21ms","method":"GET","params":{},"path":"/api/dashboard/stats","query":{},"status":304},"timestamp":"2026-03-15T13:42:42.053Z"}
{"level":"info","message":"Retrieved 1 courses successfully","timestamp":"2026-03-15T13:43:18.222Z"}
{"level":"info","message":{"duration":"6ms","method":"GET","params":{},"path":"/api/courses","query":{},"status":304},"timestamp":"2026-03-15T13:43:18.225Z"}
{"level":"info","message":"Retrieved 1 students successfully","timestamp":"2026-03-15T13:43:18.235Z"}
{"level":"info","message":{"duration":"7ms","method":"GET","params":{},"path":"/api/students","query":{},"status":304},"timestamp":"2026-03-15T13:43:18.239Z"}
{"activeCourses":1,"activeStudents":1,"courseCounts":[{"_id":"69b6b728b264a2cf463b67a5","count":1}],"graduates":0,"level":"info","message":"Dashboard statistics retrieved successfully:","successRate":0,"timestamp":"2026-03-15T13:43:18.257Z","totalCourses":1,"totalStudents":1}
{"level":"info","message":{"duration":"26ms","method":"GET","params":{},"path":"/api/dashboard/stats","query":{},"status":304},"timestamp":"2026-03-15T13:43:18.260Z"}
